pkg (keyword)
complex_number (identifier)
ifc (keyword)
{ (operator)
type (keyword)
complex_number_type (identifier)
; (operator)
/*
     * accessors
     */ (comment)
accessor (keyword)
imaginary (identifier)
( (operator)
c (identifier)
: (operator)
complex_number_type (identifier)
) (operator)
$ (operator)
float (keyword)
; (operator)
accessor (keyword)
real (identifier)
( (operator)
c (identifier)
: (operator)
complex_number_type (identifier)
) (operator)
$ (operator)
float (keyword)
; (operator)
/*
     * operations
     */ (comment)
func (keyword)
"-" (string)
( (operator)
c1 (identifier)
, (operator)
c2 (identifier)
: (operator)
complex_number_type (identifier)
) (operator)
$ (operator)
complex_number_type (identifier)
; (operator)
func (keyword)
"+" (string)
( (operator)
c1 (identifier)
, (operator)
c2 (identifier)
: (operator)
complex_number_type (identifier)
) (operator)
$ (operator)
complex_number_type (identifier)
; (operator)
} (operator)
; (operator)
