pkg (keyword)
list (identifier)
{ (operator)
type (keyword)
listel_type (identifier)
{ (operator)
{: (operator)
data (identifier)
: (operator)
ptr (keyword)
:= (operator)
null (keyword)
; (operator)
next (identifier)
: (operator)
listel_type (identifier)
:= (operator)
null (keyword)
; (operator)
prev (identifier)
: (operator)
listel_type (identifier)
:= (operator)
null (keyword)
; (operator)
}: (operator)
} (operator)
type (keyword)
list_type (identifier)
{ (operator)
{: (operator)
head (identifier)
: (operator)
listel_type (identifier)
:= (operator)
null (keyword)
; (operator)
tail (identifier)
: (operator)
listel_type (identifier)
:= (operator)
null (keyword)
; (operator)
}: (operator)
; (operator)
mutator (keyword)
append (identifier)
( (operator)
l (identifier)
: (operator)
in (keyword)
out (keyword)
list_type (identifier)
; (operator)
x (identifier)
: (operator)
in (keyword)
ptr (keyword)
) (operator)
tmp (identifier)
: (operator)
listel_type (identifier)
; (operator)
{ (operator)
tmp (identifier)
:= (operator)
alloc (identifier)
( (operator)
listel_type (identifier)
) (operator)
; (operator)
tmp (identifier)
. (operator)
data (identifier)
:= (operator)
x (identifier)
; (operator)
tmp (identifier)
. (operator)
next (identifier)
:= (operator)
null (keyword)
; (operator)
if (keyword)
( (operator)
l (identifier)
. (operator)
tail (identifier)
!= (operator)
null (keyword)
) (operator)
then (keyword)
tmp (identifier)
. (operator)
prev (identifier)
:= (operator)
l (identifier)
. (operator)
tail (identifier)
; (operator)
l (identifier)
. (operator)
tail (identifier)
. (operator)
next (identifier)
:= (operator)
tmp (identifier)
; (operator)
l (identifier)
. (operator)
tail (identifier)
:= (operator)
tmp (identifier)
; (operator)
else (keyword)
tmp (identifier)
. (operator)
prev (identifier)
:= (operator)
null (keyword)
; (operator)
l (identifier)
. (operator)
head (identifier)
:= (operator)
tmp (identifier)
; (operator)
l (identifier)
. (operator)
tail (identifier)
:= (operator)
tmp (identifier)
; (operator)
end (keyword)
if (keyword)
; (operator)
} (operator)
; (operator)
accessor (keyword)
data (identifier)
( (operator)
e (identifier)
: (operator)
listel_type (identifier)
) (operator)
$ (operator)
ptr (keyword)
{ (operator)
$ (operator)
e (identifier)
. (operator)
data (identifier)
; (operator)
} (operator)
; (operator)
/*
     * Old and nesty version (that works)
     *
    func find(l: list_type; x: ptr) $ listel_type
        tmp: listel_type;
    {
        tmp := l.head;
        while (tmp != null) loop
            if (tmp.data = x) then
                exit;
            end if;
            tmp := tmp.next;
        end loop;
        $ tmp;
    };
     */ (comment)
func (keyword)
find (identifier)
( (operator)
l (identifier)
: (operator)
list_type (identifier)
; (operator)
x (identifier)
: (operator)
ptr (keyword)
) (operator)
$ (operator)
listel_type (identifier)
tmp (identifier)
: (operator)
listel_type (identifier)
; (operator)
{ (operator)
tmp (identifier)
:= (operator)
l (identifier)
. (operator)
head (identifier)
; (operator)
{: (operator)
exit (keyword)
when (keyword)
( (operator)
( (operator)
tmp (identifier)
= (operator)
null (keyword)
) (operator)
or (keyword)
( (operator)
tmp (identifier)
. (operator)
data (identifier)
= (operator)
x (identifier)
) (operator)
) (operator)
; (operator)
tmp (identifier)
:= (operator)
tmp (identifier)
. (operator)
next (identifier)
; (operator)
}: (operator)
$ (operator)
tmp (identifier)
; (operator)
} (operator)
; (operator)
accessor (keyword)
head (identifier)
( (operator)
l (identifier)
: (operator)
list_type (identifier)
) (operator)
$ (operator)
listel_type (identifier)
{ (operator)
$ (operator)
l (identifier)
. (operator)
head (identifier)
; (operator)
} (operator)
; (operator)
/*
     * This routine performs a prefix insertion of an el with data x.
     */ (comment)
mutator (keyword)
insert (identifier)
( (operator)
l (identifier)
: (operator)
in (keyword)
out (keyword)
list_type (identifier)
; (operator)
/* list to insert within */ (comment)
e (identifier)
: (operator)
in (keyword)
out (keyword)
listel_type (identifier)
; (operator)
/* place to insert el before */ (comment)
x (identifier)
: (operator)
in (keyword)
ptr (keyword)
/* data of new el */ (comment)
) (operator)
tmp (identifier)
: (operator)
listel_type (identifier)
; (operator)
{ (operator)
tmp (identifier)
:= (operator)
alloc (identifier)
( (operator)
listel_type (identifier)
) (operator)
; (operator)
tmp (identifier)
. (operator)
data (identifier)
:= (operator)
x (identifier)
; (operator)
tmp (identifier)
. (operator)
next (identifier)
:= (operator)
e (identifier)
; (operator)
tmp (identifier)
. (operator)
prev (identifier)
:= (operator)
e (identifier)
. (operator)
prev (identifier)
; (operator)
if (keyword)
( (operator)
e (identifier)
. (operator)
prev (identifier)
!= (operator)
null (keyword)
) (operator)
then (keyword)
e (identifier)
. (operator)
prev (identifier)
. (operator)
next (identifier)
:= (operator)
tmp (identifier)
; (operator)
end (keyword)
if (keyword)
; (operator)
e (identifier)
. (operator)
prev (identifier)
:= (operator)
tmp (identifier)
; (operator)
if (keyword)
( (operator)
e (identifier)
= (operator)
l (identifier)
. (operator)
head (identifier)
) (operator)
then (keyword)
l (identifier)
. (operator)
head (identifier)
:= (operator)
tmp (identifier)
; (operator)
end (keyword)
if (keyword)
; (operator)
} (operator)
; (operator)
accessor (keyword)
next (identifier)
( (operator)
e (identifier)
: (operator)
listel_type (identifier)
) (operator)
$ (operator)
listel_type (identifier)
{ (operator)
$ (operator)
e (identifier)
. (operator)
next (identifier)
; (operator)
} (operator)
; (operator)
mutator (keyword)
prepend (identifier)
( (operator)
l (identifier)
: (operator)
in (keyword)
out (keyword)
list_type (identifier)
; (operator)
x (identifier)
: (operator)
in (keyword)
data_type (identifier)
) (operator)
tmp (identifier)
: (operator)
listel_type (identifier)
; (operator)
{ (operator)
tmp (identifier)
:= (operator)
alloc (identifier)
( (operator)
listel_type (identifier)
) (operator)
; (operator)
tmp (identifier)
. (operator)
prev (identifier)
:= (operator)
null (keyword)
; (operator)
tmp (identifier)
. (operator)
data (identifier)
:= (operator)
x (identifier)
; (operator)
if (keyword)
( (operator)
l (identifier)
. (operator)
head (identifier)
!= (operator)
null (keyword)
) (operator)
then (keyword)
tmp (identifier)
. (operator)
next (identifier)
:= (operator)
l (identifier)
. (operator)
head (identifier)
; (operator)
l (identifier)
. (operator)
head (identifier)
. (operator)
prev (identifier)
:= (operator)
tmp (identifier)
; (operator)
l (identifier)
. (operator)
head (identifier)
:= (operator)
tmp (identifier)
; (operator)
else (keyword)
tmp (identifier)
. (operator)
next (identifier)
:= (operator)
null (keyword)
; (operator)
l (identifier)
. (operator)
head (identifier)
:= (operator)
tmp (identifier)
; (operator)
l (identifier)
. (operator)
tail (identifier)
:= (operator)
tmp (identifier)
; (operator)
end (keyword)
if (keyword)
; (operator)
} (operator)
; (operator)
accessor (keyword)
prev (identifier)
( (operator)
e (identifier)
: (operator)
listel_type (identifier)
) (operator)
$ (operator)
listel_type (identifier)
{ (operator)
$ (operator)
e (identifier)
. (operator)
prev (identifier)
; (operator)
} (operator)
; (operator)
mutator (keyword)
remove (identifier)
( (operator)
l (identifier)
: (operator)
in (keyword)
out (keyword)
list_type (identifier)
; (operator)
e (identifier)
: (operator)
in (keyword)
out (keyword)
listel_type (identifier)
) (operator)
{ (operator)
if (keyword)
( (operator)
e (identifier)
. (operator)
prev (identifier)
!= (operator)
null (keyword)
) (operator)
then (keyword)
e (identifier)
. (operator)
prev (identifier)
. (operator)
next (identifier)
:= (operator)
e (identifier)
. (operator)
next (identifier)
; (operator)
end (keyword)
if (keyword)
; (operator)
if (keyword)
( (operator)
e (identifier)
. (operator)
next (identifier)
!= (operator)
null (keyword)
) (operator)
then (keyword)
e (identifier)
. (operator)
next (identifier)
. (operator)
prev (identifier)
:= (operator)
e (identifier)
. (operator)
prev (identifier)
; (operator)
end (keyword)
if (keyword)
; (operator)
if (keyword)
( (operator)
e (identifier)
= (operator)
l (identifier)
. (operator)
head (identifier)
) (operator)
then (keyword)
l (identifier)
. (operator)
head (identifier)
:= (operator)
e (identifier)
. (operator)
next (identifier)
; (operator)
end (keyword)
if (keyword)
; (operator)
if (keyword)
( (operator)
e (identifier)
= (operator)
l (identifier)
. (operator)
tail (identifier)
) (operator)
then (keyword)
l (identifier)
. (operator)
tail (identifier)
:= (operator)
e (identifier)
. (operator)
prev (identifier)
; (operator)
end (keyword)
if (keyword)
; (operator)
dealloc (identifier)
( (operator)
e (identifier)
) (operator)
; (operator)
e (identifier)
:= (operator)
null (keyword)
; (operator)
} (operator)
; (operator)
func (keyword)
size (identifier)
( (operator)
l (identifier)
: (operator)
list_type (identifier)
) (operator)
$ (operator)
list_size_type (identifier)
tmp (identifier)
: (operator)
listel_type (identifier)
; (operator)
n (identifier)
: (operator)
list_size_type (identifier)
; (operator)
{ (operator)
n (identifier)
:= (operator)
0 (numeric literal)
; (operator)
tmp (identifier)
:= (operator)
l (identifier)
. (operator)
head (identifier)
; (operator)
while (keyword)
( (operator)
tmp (identifier)
!= (operator)
null (keyword)
) (operator)
{: (operator)
tmp (identifier)
:= (operator)
tmp (identifier)
. (operator)
next (identifier)
; (operator)
n (identifier)
:= (operator)
n (identifier)
+ (operator)
1 (numeric literal)
; (operator)
}: (operator)
$ (operator)
n (identifier)
; (operator)
} (operator)
; (operator)
accessor (keyword)
tail (identifier)
( (operator)
l (identifier)
: (operator)
list_type (identifier)
) (operator)
$ (operator)
listel_type (identifier)
{ (operator)
$ (operator)
l (identifier)
. (operator)
tail (identifier)
; (operator)
} (operator)
; (operator)
} (operator)
; (operator)
