pkg (keyword)
complex_number (identifier)
{ (operator)
type (keyword)
complex_number_type (identifier)
{ (operator)
{: (operator)
re (identifier)
: (operator)
float (keyword)
; (operator)
/* real */ (comment)
im (identifier)
: (operator)
float (keyword)
; (operator)
/* imaginary */ (comment)
}: (operator)
} (operator)
accessor (keyword)
imaginary (identifier)
( (operator)
c (identifier)
: (operator)
complex_number_type (identifier)
) (operator)
$ (operator)
float (keyword)
{ (operator)
$ (operator)
c (identifier)
. (operator)
im (identifier)
; (operator)
} (operator)
; (operator)
accessor (keyword)
real (identifier)
( (operator)
c (identifier)
: (operator)
complex_number_type (identifier)
) (operator)
$ (operator)
float (keyword)
{ (operator)
$ (operator)
c (identifier)
. (operator)
re (identifier)
; (operator)
} (operator)
; (operator)
function (identifier)
"+" (string)
( (operator)
c1 (identifier)
, (operator)
c2 (identifier)
: (operator)
complex_number_type (identifier)
) (operator)
$ (operator)
complex_number_type (identifier)
tmp (identifier)
: (operator)
complex_number_type (identifier)
; (operator)
{ (operator)
tmp (identifier)
. (operator)
re (identifier)
:= (operator)
c1 (identifier)
. (operator)
re (identifier)
+ (operator)
c2 (identifier)
. (operator)
re (identifier)
; (operator)
tmp (identifier)
. (operator)
im (identifier)
:= (operator)
c1 (identifier)
. (operator)
im (identifier)
+ (operator)
c2 (identifier)
. (operator)
im (identifier)
; (operator)
$ (operator)
tmp (identifier)
; (operator)
} (operator)
; (operator)
function (identifier)
"-" (string)
( (operator)
c1 (identifier)
, (operator)
c2 (identifier)
: (operator)
complex_number_type (identifier)
) (operator)
$ (operator)
complex_number_type (identifier)
tmp (identifier)
: (operator)
complex_number_type (identifier)
; (operator)
{ (operator)
tmp (identifier)
. (operator)
re (identifier)
:= (operator)
c1 (identifier)
. (operator)
re (identifier)
- (operator)
c2 (identifier)
. (operator)
re (identifier)
; (operator)
tmp (identifier)
. (operator)
im (identifier)
:= (operator)
c1 (identifier)
. (operator)
im (identifier)
- (operator)
c2 (identifier)
. (operator)
im (identifier)
; (operator)
$ (operator)
tmp (identifier)
; (operator)
} (operator)
; (operator)
} (operator)
; (operator)
