pkg (keyword)
natural (keyword)
ifc (keyword)
{ (operator)
/*
     * types
     */ (comment)
type (keyword)
natural (keyword)
; (operator)
/*
     * routines
     */ (comment)
func (keyword)
"-" (string)
( (operator)
x (identifier)
: (operator)
natural (keyword)
) (operator)
$ (operator)
natural (keyword)
; (operator)
func (keyword)
"-" (string)
( (operator)
lhs (identifier)
, (operator)
rhs (identifier)
: (operator)
natural (keyword)
) (operator)
$ (operator)
natural (keyword)
; (operator)
func (keyword)
"+" (string)
( (operator)
lhs (identifier)
, (operator)
rhs (identifier)
: (operator)
natural (keyword)
) (operator)
$ (operator)
natural (keyword)
; (operator)
func (keyword)
"*" (string)
( (operator)
lhs (identifier)
, (operator)
rhs (identifier)
: (operator)
natural (keyword)
) (operator)
$ (operator)
natural (keyword)
; (operator)
func (keyword)
"/" (string)
( (operator)
lhs (identifier)
, (operator)
rhs (identifier)
: (operator)
natural (keyword)
) (operator)
$ (operator)
natural (keyword)
; (operator)
func (keyword)
"mod" (string)
( (operator)
lhs (identifier)
, (operator)
rhs (identifier)
: (operator)
natural (keyword)
) (operator)
$ (operator)
natural (keyword)
; (operator)
} (operator)
; (operator)
